2019-07-05 09:37:28 [main] WARN  NativeCodeLoader:60 - Unable to load native-hadoop library for your platform... using builtin-java classes where applicable
2019-07-05 09:37:30 [main] INFO  KerberosLogin:41 - ugi.getUserName() dev1@HDP.CITIC
2019-07-05 09:37:30 [main] INFO  KerberosLogin:43 - Kerberos Certification success !!!
2019-07-05 09:37:59 [main] WARN  NativeCodeLoader:60 - Unable to load native-hadoop library for your platform... using builtin-java classes where applicable
2019-07-05 09:37:59 [main] ERROR KerberosLogin:49 - Kerberos certification failed
org.apache.hadoop.security.KerberosAuthException: failure to login: for principal: dev2 from keytab src/main/resources/dev.keytab javax.security.auth.login.LoginException: Unable to obtain password from user

	at org.apache.hadoop.security.UserGroupInformation.doSubjectLogin(UserGroupInformation.java:1847) ~[hadoop-common-3.1.1.3.1.0.0-78.jar:?]
	at org.apache.hadoop.security.UserGroupInformation.loginUserFromKeytabAndReturnUGI(UserGroupInformation.java:1215) ~[hadoop-common-3.1.1.3.1.0.0-78.jar:?]
	at utils.KerberosLogin.KrbLoin(KerberosLogin.java:40) [classes/:?]
	at utils.KerberosLoginTest.krbLoinTest(KerberosLoginTest.java:18) [test-classes/:?]
	at sun.reflect.NativeMethodAccessorImpl.invoke0(Native Method) ~[?:1.8.0_151]
	at sun.reflect.NativeMethodAccessorImpl.invoke(NativeMethodAccessorImpl.java:62) ~[?:1.8.0_151]
	at sun.reflect.DelegatingMethodAccessorImpl.invoke(DelegatingMethodAccessorImpl.java:43) ~[?:1.8.0_151]
	at java.lang.reflect.Method.invoke(Method.java:498) ~[?:1.8.0_151]
	at org.junit.runners.model.FrameworkMethod$1.runReflectiveCall(FrameworkMethod.java:50) [junit-4.12.jar:4.12]
	at org.junit.internal.runners.model.ReflectiveCallable.run(ReflectiveCallable.java:12) [junit-4.12.jar:4.12]
	at org.junit.runners.model.FrameworkMethod.invokeExplosively(FrameworkMethod.java:47) [junit-4.12.jar:4.12]
	at org.junit.internal.runners.statements.InvokeMethod.evaluate(InvokeMethod.java:17) [junit-4.12.jar:4.12]
	at org.junit.runners.ParentRunner.runLeaf(ParentRunner.java:325) [junit-4.12.jar:4.12]
	at org.junit.runners.BlockJUnit4ClassRunner.runChild(BlockJUnit4ClassRunner.java:78) [junit-4.12.jar:4.12]
	at org.junit.runners.BlockJUnit4ClassRunner.runChild(BlockJUnit4ClassRunner.java:57) [junit-4.12.jar:4.12]
	at org.junit.runners.ParentRunner$3.run(ParentRunner.java:290) [junit-4.12.jar:4.12]
	at org.junit.runners.ParentRunner$1.schedule(ParentRunner.java:71) [junit-4.12.jar:4.12]
	at org.junit.runners.ParentRunner.runChildren(ParentRunner.java:288) [junit-4.12.jar:4.12]
	at org.junit.runners.ParentRunner.access$000(ParentRunner.java:58) [junit-4.12.jar:4.12]
	at org.junit.runners.ParentRunner$2.evaluate(ParentRunner.java:268) [junit-4.12.jar:4.12]
	at org.junit.runners.ParentRunner.run(ParentRunner.java:363) [junit-4.12.jar:4.12]
	at org.junit.runner.JUnitCore.run(JUnitCore.java:137) [junit-4.12.jar:4.12]
	at com.intellij.junit4.JUnit4IdeaTestRunner.startRunnerWithArgs(JUnit4IdeaTestRunner.java:68) [junit-rt.jar:?]
	at com.intellij.rt.execution.junit.IdeaTestRunner$Repeater.startRunnerWithArgs(IdeaTestRunner.java:47) [junit-rt.jar:?]
	at com.intellij.rt.execution.junit.JUnitStarter.prepareStreamsAndStart(JUnitStarter.java:242) [junit-rt.jar:?]
	at com.intellij.rt.execution.junit.JUnitStarter.main(JUnitStarter.java:70) [junit-rt.jar:?]
Caused by: javax.security.auth.login.LoginException: Unable to obtain password from user

	at com.sun.security.auth.module.Krb5LoginModule.promptForPass(Krb5LoginModule.java:897) ~[?:1.8.0_151]
	at com.sun.security.auth.module.Krb5LoginModule.attemptAuthentication(Krb5LoginModule.java:760) ~[?:1.8.0_151]
	at com.sun.security.auth.module.Krb5LoginModule.login(Krb5LoginModule.java:617) ~[?:1.8.0_151]
	at sun.reflect.NativeMethodAccessorImpl.invoke0(Native Method) ~[?:1.8.0_151]
	at sun.reflect.NativeMethodAccessorImpl.invoke(NativeMethodAccessorImpl.java:62) ~[?:1.8.0_151]
	at sun.reflect.DelegatingMethodAccessorImpl.invoke(DelegatingMethodAccessorImpl.java:43) ~[?:1.8.0_151]
	at java.lang.reflect.Method.invoke(Method.java:498) ~[?:1.8.0_151]
	at javax.security.auth.login.LoginContext.invoke(LoginContext.java:755) ~[?:1.8.0_151]
	at javax.security.auth.login.LoginContext.access$000(LoginContext.java:195) ~[?:1.8.0_151]
	at javax.security.auth.login.LoginContext$4.run(LoginContext.java:682) ~[?:1.8.0_151]
	at javax.security.auth.login.LoginContext$4.run(LoginContext.java:680) ~[?:1.8.0_151]
	at java.security.AccessController.doPrivileged(Native Method) ~[?:1.8.0_151]
	at javax.security.auth.login.LoginContext.invokePriv(LoginContext.java:680) ~[?:1.8.0_151]
	at javax.security.auth.login.LoginContext.login(LoginContext.java:587) ~[?:1.8.0_151]
	at org.apache.hadoop.security.UserGroupInformation$HadoopLoginContext.login(UserGroupInformation.java:1926) ~[hadoop-common-3.1.1.3.1.0.0-78.jar:?]
	at org.apache.hadoop.security.UserGroupInformation.doSubjectLogin(UserGroupInformation.java:1837) ~[hadoop-common-3.1.1.3.1.0.0-78.jar:?]
	... 25 more
